This is pdfTeX, Version 3.1415926-2.5-1.40.14 (TeX Live 2013/Debian) (format=prv_ps4hnd 2014.5.26)  26 MAY 2014 22:38
entering extended mode
 restricted \write18 enabled.
 %&-line parsing enabled.
**&prv_ps4hnd _region_.tex
(./_region_.tex
LaTeX2e <2011/06/27>
Babel <3.9h> and hyphenation patterns for 2 languages loaded.

! LaTeX Error: LaTeX2e command \listfiles in LaTeX 2.09 document.

See the LaTeX manual or LaTeX Companion for explanation.
Type  H <return>  for immediate help.
 ...                                              
                                                  
l.1 
    \message{ !name(ps4hnd.tex)}%Warning: This was Latex'ed on a Mac in orde...

This is a LaTeX 2.09 document, but it contains \listfiles.
If you want to use the new features of LaTeX2e, your document
should begin with \documentclass rather than \documentstyle

CUSTOMISED FORMAT. Preloaded files:
        .
latex209.def    1998/05/13 v0.52 Standard LaTeX file
tracefnt.sty    1997/05/29 v3.0j Standard LaTeX package (font tracing)
latexsym.sty    1998/08/17 v2.2e Standard LaTeX package (lasy symbols)
 article.cls    2007/10/19 v1.4h Standard LaTeX document class
  size11.clo    2007/10/19 v1.4h Standard LaTeX file (size option)
   ulasy.fd    1998/08/17 v2.2e LaTeX symbol font definitions
        .
No file _region_.aux.
LaTeX Font Info:    Checking defaults for OML/cmm/m/it on input line 14.
LaTeX Font Info:    ... okay on input line 14.
LaTeX Font Info:    Checking defaults for T1/cmr/m/n on input line 14.
LaTeX Font Info:    ... okay on input line 14.
LaTeX Font Info:    Checking defaults for OT1/cmr/m/n on input line 14.
LaTeX Font Info:    ... okay on input line 14.
LaTeX Font Info:    Checking defaults for OMS/cmsy/m/n on input line 14.
LaTeX Font Info:    ... okay on input line 14.
LaTeX Font Info:    Checking defaults for OMX/cmex/m/n on input line 14.
LaTeX Font Info:    ... okay on input line 14.
LaTeX Font Info:    Checking defaults for U/cmr/m/n on input line 14.
LaTeX Font Info:    ... okay on input line 14.
(/home/song/.emacs.d/elpa/auctex-11.87.5/latex/preview.sty
Package: preview 2010-02-14 CVS-1.126 (AUCTeX/preview-latex)


! LaTeX Error: LaTeX2e command \newcommand{cmd}[args][def] in LaTeX 2.09 docume
nt.

See the LaTeX manual or LaTeX Companion for explanation.
Type  H <return>  for immediate help.
 ...                                              
                                                  
l.160 \newcommand\pr@macro[1][
                              ]{%
This is a LaTeX 2.09 document, but it contains \newcommand{cmd}[args][def].
If you want to use the new features of LaTeX2e, your document
should begin with \documentclass rather than \documentstyle


! LaTeX Error: LaTeX2e command \newcommand{cmd}[args][def] in LaTeX 2.09 docume
nt.

See the LaTeX manual or LaTeX Companion for explanation.
Type  H <return>  for immediate help.
 ...                                              
                                                  
l.170 \newcommand\pr@starmacro[1][
                                  ]{\toks@{\pr@protect@domacro{#1}}%
This is a LaTeX 2.09 document, but it contains \newcommand{cmd}[args][def].
If you want to use the new features of LaTeX2e, your document
should begin with \documentclass rather than \documentstyle


! LaTeX Error: LaTeX2e command \newcommand{cmd}[args][def] in LaTeX 2.09 docume
nt.

See the LaTeX manual or LaTeX Companion for explanation.
Type  H <return>  for immediate help.
 ...                                              
                                                  
l.175 \newcommand\pr@open[1][
                             ]{%
This is a LaTeX 2.09 document, but it contains \newcommand{cmd}[args][def].
If you want to use the new features of LaTeX2e, your document
should begin with \documentclass rather than \documentstyle


! LaTeX Error: LaTeX2e command \newcommand{cmd}[args][def] in LaTeX 2.09 docume
nt.

See the LaTeX manual or LaTeX Companion for explanation.
Type  H <return>  for immediate help.
 ...                                              
                                                  
l.184 \newcommand\pr@close[1][
                              ]{%
This is a LaTeX 2.09 document, but it contains \newcommand{cmd}[args][def].
If you want to use the new features of LaTeX2e, your document
should begin with \documentclass rather than \documentstyle


! LaTeX Error: LaTeX2e command \newcommand{cmd}[args][def] in LaTeX 2.09 docume
nt.

See the LaTeX manual or LaTeX Companion for explanation.
Type  H <return>  for immediate help.
 ...                                              
                                                  
l.190 \newcommand\pr@starenv[1][
                                ]{\toks@{\pr@starmacro[{#1}]}%
This is a LaTeX 2.09 document, but it contains \newcommand{cmd}[args][def].
If you want to use the new features of LaTeX2e, your document
should begin with \documentclass rather than \documentstyle


! LaTeX Error: LaTeX2e command \newcommand{cmd}[args][def] in LaTeX 2.09 docume
nt.

See the LaTeX manual or LaTeX Companion for explanation.
Type  H <return>  for immediate help.
 ...                                              
                                                  
l.194 \newcommand\pr@starenvii[2][
                                  ]{\endgroup
This is a LaTeX 2.09 document, but it contains \newcommand{cmd}[args][def].
If you want to use the new features of LaTeX2e, your document
should begin with \documentclass rather than \documentstyle


! LaTeX Error: LaTeX2e command \newcommand{cmd}[args][def] in LaTeX 2.09 docume
nt.

See the LaTeX manual or LaTeX Companion for explanation.
Type  H <return>  for immediate help.
 ...                                              
                                                  
l.197 \newcommand\pr@env[1][
                            ]{%
This is a LaTeX 2.09 document, but it contains \newcommand{cmd}[args][def].
If you want to use the new features of LaTeX2e, your document
should begin with \documentclass rather than \documentstyle


! LaTeX Error: LaTeX2e command \newcommand{cmd}[args][def] in LaTeX 2.09 docume
nt.

See the LaTeX manual or LaTeX Companion for explanation.
Type  H <return>  for immediate help.
 ...                                              
                                                  
l.205 \newcommand{\PreviewSnarfEnvironment}[2][
                                               ]{%
This is a LaTeX 2.09 document, but it contains \newcommand{cmd}[args][def].
If you want to use the new features of LaTeX2e, your document
should begin with \documentclass rather than \documentstyle

(/home/song/.emacs.d/elpa/auctex-11.87.5/latex/prtightpage.def
\PreviewBorder=\dimen106
)
(/home/song/.emacs.d/elpa/auctex-11.87.5/latex/prauctex.def
No auxiliary output files.


\hbadness=\count91
\hfuzz=\dimen107
(/home/song/.emacs.d/elpa/auctex-11.87.5/latex/prauctex.cfg))
(/home/song/.emacs.d/elpa/auctex-11.87.5/latex/prfootnotes.def)
\pr@snippet=\count92
\pr@box=\box26
\pr@output=\toks14

Preview: Fontsize 10.95pt
Preview: PDFoutput 1
)
! Missing = inserted for \ifnum.
<to be read again> 
                   -
l.14 \begin{document}
                     
I was expecting to see `<', `=', or `>'. Didn't.

 !name(ps4hnd.tex) !offset(-3)   !name(ps4hnd.tex) !offset(611)  ) 
Here is how much of TeX's memory you used:
 173 strings out of 494618
 2458 string characters out of 6176611
 54507 words of memory out of 5000000
 3812 multiletter control sequences out of 15000+600000
 12998 words of font info for 47 fonts, out of 8000000 for 9000
 14 hyphenation exceptions out of 8191
 22i,4n,22p,163b,142s stack positions out of 5000i,500n,10000p,200000b,80000s

No pages of output.
PDF statistics:
 0 PDF objects out of 1000 (max. 8388607)
 0 named destinations out of 1000 (max. 500000)
 1 words of extra memory for PDF output out of 10000 (max. 10000000)

